<?xml version="1.0" encoding="UTF-8"?>
<coverage generated="1603077206981" clover="3.2.0">
  <project timestamp="1603077206981" name="All files">
    <metrics statements="89" coveredstatements="89" conditionals="26" coveredconditionals="26" methods="15" coveredmethods="15" elements="130" coveredelements="130" complexity="0" loc="89" ncloc="89" packages="1" files="1" classes="1"/>
    <file name="linked-list.ts" path="/Users/yarik_leto/Documents/projects/algo-ds/src/linked-list.ts">
      <metrics statements="89" coveredstatements="89" conditionals="26" coveredconditionals="26" methods="15" coveredmethods="15"/>
      <line num="9" count="36" type="stmt"/>
      <line num="15" count="1" type="stmt"/>
      <line num="16" count="9" type="stmt"/>
      <line num="17" count="9" type="stmt"/>
      <line num="18" count="9" type="stmt"/>
      <line num="20" count="9" type="stmt"/>
      <line num="21" count="32" type="cond" truecount="2" falsecount="0"/>
      <line num="22" count="23" type="stmt"/>
      <line num="23" count="7" type="stmt"/>
      <line num="26" count="25" type="stmt"/>
      <line num="28" count="25" type="cond" truecount="2" falsecount="0"/>
      <line num="29" count="8" type="stmt"/>
      <line num="30" count="8" type="stmt"/>
      <line num="32" count="17" type="stmt"/>
      <line num="33" count="17" type="stmt"/>
      <line num="34" count="17" type="stmt"/>
      <line num="37" count="25" type="stmt"/>
      <line num="40" count="9" type="stmt"/>
      <line num="41" count="14" type="cond" truecount="2" falsecount="0"/>
      <line num="42" count="3" type="stmt"/>
      <line num="43" count="3" type="stmt"/>
      <line num="46" count="11" type="stmt"/>
      <line num="48" count="11" type="cond" truecount="4" falsecount="0"/>
      <line num="49" count="3" type="stmt"/>
      <line num="50" count="3" type="stmt"/>
      <line num="52" count="8" type="stmt"/>
      <line num="53" count="8" type="stmt"/>
      <line num="54" count="8" type="stmt"/>
      <line num="57" count="11" type="stmt"/>
      <line num="60" count="9" type="stmt"/>
      <line num="61" count="4" type="cond" truecount="2" falsecount="0"/>
      <line num="63" count="3" type="cond" truecount="2" falsecount="0"/>
      <line num="64" count="1" type="stmt"/>
      <line num="65" count="1" type="stmt"/>
      <line num="67" count="2" type="stmt"/>
      <line num="68" count="2" type="stmt"/>
      <line num="71" count="3" type="stmt"/>
      <line num="74" count="9" type="stmt"/>
      <line num="75" count="4" type="cond" truecount="2" falsecount="0"/>
      <line num="77" count="3" type="cond" truecount="2" falsecount="0"/>
      <line num="78" count="1" type="stmt"/>
      <line num="79" count="1" type="stmt"/>
      <line num="81" count="2" type="stmt"/>
      <line num="82" count="2" type="stmt"/>
      <line num="85" count="3" type="stmt"/>
      <line num="88" count="9" type="stmt"/>
      <line num="89" count="4" type="stmt"/>
      <line num="91" count="4" type="stmt"/>
      <line num="92" count="9" type="cond" truecount="2" falsecount="0"/>
      <line num="93" count="6" type="stmt"/>
      <line num="94" count="6" type="stmt"/>
      <line num="97" count="3" type="cond" truecount="2" falsecount="0"/>
      <line num="98" count="2" type="cond" truecount="2" falsecount="0"/>
      <line num="100" count="1" type="stmt"/>
      <line num="101" count="1" type="stmt"/>
      <line num="102" count="1" type="stmt"/>
      <line num="105" count="3" type="stmt"/>
      <line num="108" count="1" type="stmt"/>
      <line num="111" count="9" type="stmt"/>
      <line num="112" count="1" type="stmt"/>
      <line num="113" count="1" type="stmt"/>
      <line num="114" count="1" type="stmt"/>
      <line num="117" count="9" type="stmt"/>
      <line num="118" count="5" type="stmt"/>
      <line num="120" count="5" type="stmt"/>
      <line num="121" count="9" type="cond" truecount="2" falsecount="0"/>
      <line num="122" count="8" type="stmt"/>
      <line num="123" count="8" type="stmt"/>
      <line num="126" count="1" type="stmt"/>
      <line num="129" count="4" type="stmt"/>
      <line num="132" count="9" type="stmt"/>
      <line num="133" count="1" type="stmt"/>
      <line num="135" count="1" type="stmt"/>
      <line num="136" count="6" type="stmt"/>
      <line num="137" count="6" type="stmt"/>
      <line num="141" count="9" type="stmt"/>
      <line num="142" count="1" type="stmt"/>
      <line num="143" count="1" type="stmt"/>
      <line num="144" count="1" type="stmt"/>
      <line num="146" count="1" type="stmt"/>
      <line num="147" count="4" type="stmt"/>
      <line num="148" count="4" type="stmt"/>
      <line num="149" count="4" type="stmt"/>
      <line num="152" count="1" type="stmt"/>
      <line num="155" count="9" type="stmt"/>
      <line num="157" count="8" type="stmt"/>
      <line num="160" count="9" type="stmt"/>
      <line num="163" count="7" type="stmt"/>
      <line num="178" count="1" type="stmt"/>
    </file>
  </project>
</coverage>
