{"/Users/yarik_leto/Documents/projects/algo-ds/src/linked-list.ts": {"path":"/Users/yarik_leto/Documents/projects/algo-ds/src/linked-list.ts","statementMap":{"0":{"start":{"line":9,"column":19},"end":{"line":9,"column":42}},"1":{"start":{"line":9,"column":41},"end":{"line":13,"column":3}},"2":{"start":{"line":15,"column":25},"end":{"line":176,"column":1}},"3":{"start":{"line":16,"column":26},"end":{"line":16,"column":30}},"4":{"start":{"line":17,"column":26},"end":{"line":17,"column":30}},"5":{"start":{"line":18,"column":13},"end":{"line":18,"column":14}},"6":{"start":{"line":20,"column":19},"end":{"line":38,"column":3}},"7":{"start":{"line":21,"column":4},"end":{"line":24,"column":null}},"8":{"start":{"line":22,"column":6},"end":{"line":22,"column":53}},"9":{"start":{"line":22,"column":34},"end":{"line":22,"column":47}},"10":{"start":{"line":23,"column":6},"end":{"line":23,"column":13}},"11":{"start":{"line":26,"column":23},"end":{"line":26,"column":40}},"12":{"start":{"line":28,"column":4},"end":{"line":35,"column":null}},"13":{"start":{"line":29,"column":6},"end":{"line":29,"column":18}},"14":{"start":{"line":30,"column":6},"end":{"line":30,"column":18}},"15":{"start":{"line":32,"column":6},"end":{"line":32,"column":23}},"16":{"start":{"line":33,"column":6},"end":{"line":33,"column":23}},"17":{"start":{"line":34,"column":6},"end":{"line":34,"column":18}},"18":{"start":{"line":37,"column":4},"end":{"line":37,"column":14}},"19":{"start":{"line":40,"column":18},"end":{"line":58,"column":3}},"20":{"start":{"line":41,"column":4},"end":{"line":44,"column":null}},"21":{"start":{"line":42,"column":6},"end":{"line":42,"column":29}},"22":{"start":{"line":43,"column":6},"end":{"line":43,"column":13}},"23":{"start":{"line":46,"column":23},"end":{"line":46,"column":40}},"24":{"start":{"line":48,"column":4},"end":{"line":55,"column":null}},"25":{"start":{"line":49,"column":6},"end":{"line":49,"column":18}},"26":{"start":{"line":50,"column":6},"end":{"line":50,"column":18}},"27":{"start":{"line":52,"column":6},"end":{"line":52,"column":23}},"28":{"start":{"line":53,"column":6},"end":{"line":53,"column":23}},"29":{"start":{"line":54,"column":6},"end":{"line":54,"column":18}},"30":{"start":{"line":57,"column":4},"end":{"line":57,"column":14}},"31":{"start":{"line":60,"column":22},"end":{"line":72,"column":3}},"32":{"start":{"line":61,"column":4},"end":{"line":61,"column":22}},"33":{"start":{"line":61,"column":15},"end":{"line":61,"column":22}},"34":{"start":{"line":63,"column":4},"end":{"line":69,"column":null}},"35":{"start":{"line":64,"column":6},"end":{"line":64,"column":18}},"36":{"start":{"line":65,"column":6},"end":{"line":65,"column":18}},"37":{"start":{"line":67,"column":6},"end":{"line":67,"column":28}},"38":{"start":{"line":68,"column":6},"end":{"line":68,"column":23}},"39":{"start":{"line":71,"column":4},"end":{"line":71,"column":14}},"40":{"start":{"line":74,"column":21},"end":{"line":86,"column":3}},"41":{"start":{"line":75,"column":4},"end":{"line":75,"column":22}},"42":{"start":{"line":75,"column":15},"end":{"line":75,"column":22}},"43":{"start":{"line":77,"column":4},"end":{"line":83,"column":null}},"44":{"start":{"line":78,"column":6},"end":{"line":78,"column":18}},"45":{"start":{"line":79,"column":6},"end":{"line":79,"column":18}},"46":{"start":{"line":81,"column":6},"end":{"line":81,"column":28}},"47":{"start":{"line":82,"column":6},"end":{"line":82,"column":23}},"48":{"start":{"line":85,"column":4},"end":{"line":85,"column":14}},"49":{"start":{"line":88,"column":17},"end":{"line":109,"column":3}},"50":{"start":{"line":89,"column":31},"end":{"line":89,"column":35}},"51":{"start":{"line":91,"column":4},"end":{"line":106,"column":null}},"52":{"start":{"line":92,"column":6},"end":{"line":95,"column":null}},"53":{"start":{"line":93,"column":8},"end":{"line":93,"column":31}},"54":{"start":{"line":94,"column":8},"end":{"line":94,"column":17}},"55":{"start":{"line":97,"column":6},"end":{"line":103,"column":null}},"56":{"start":{"line":97,"column":28},"end":{"line":97,"column":42}},"57":{"start":{"line":98,"column":11},"end":{"line":103,"column":null}},"58":{"start":{"line":98,"column":33},"end":{"line":98,"column":46}},"59":{"start":{"line":100,"column":8},"end":{"line":100,"column":41}},"60":{"start":{"line":101,"column":8},"end":{"line":101,"column":41}},"61":{"start":{"line":102,"column":8},"end":{"line":102,"column":18}},"62":{"start":{"line":105,"column":6},"end":{"line":105,"column":18}},"63":{"start":{"line":108,"column":4},"end":{"line":108,"column":17}},"64":{"start":{"line":111,"column":16},"end":{"line":115,"column":3}},"65":{"start":{"line":112,"column":4},"end":{"line":112,"column":16}},"66":{"start":{"line":113,"column":4},"end":{"line":113,"column":16}},"67":{"start":{"line":114,"column":4},"end":{"line":114,"column":13}},"68":{"start":{"line":117,"column":19},"end":{"line":130,"column":3}},"69":{"start":{"line":118,"column":31},"end":{"line":118,"column":35}},"70":{"start":{"line":120,"column":4},"end":{"line":127,"column":null}},"71":{"start":{"line":121,"column":6},"end":{"line":124,"column":null}},"72":{"start":{"line":122,"column":8},"end":{"line":122,"column":31}},"73":{"start":{"line":123,"column":8},"end":{"line":123,"column":17}},"74":{"start":{"line":126,"column":6},"end":{"line":126,"column":18}},"75":{"start":{"line":129,"column":4},"end":{"line":129,"column":17}},"76":{"start":{"line":132,"column":18},"end":{"line":139,"column":3}},"77":{"start":{"line":133,"column":31},"end":{"line":133,"column":35}},"78":{"start":{"line":135,"column":4},"end":{"line":138,"column":null}},"79":{"start":{"line":136,"column":6},"end":{"line":136,"column":24}},"80":{"start":{"line":137,"column":6},"end":{"line":137,"column":29}},"81":{"start":{"line":141,"column":17},"end":{"line":153,"column":3}},"82":{"start":{"line":142,"column":31},"end":{"line":142,"column":35}},"83":{"start":{"line":143,"column":16},"end":{"line":143,"column":17}},"84":{"start":{"line":144,"column":19},"end":{"line":144,"column":30}},"85":{"start":{"line":146,"column":4},"end":{"line":150,"column":null}},"86":{"start":{"line":147,"column":6},"end":{"line":147,"column":36}},"87":{"start":{"line":148,"column":6},"end":{"line":148,"column":29}},"88":{"start":{"line":149,"column":6},"end":{"line":149,"column":17}},"89":{"start":{"line":152,"column":4},"end":{"line":152,"column":18}},"90":{"start":{"line":155,"column":2},"end":{"line":175,"column":4}},"91":{"start":{"line":157,"column":6},"end":{"line":157,"column":18}},"92":{"start":{"line":160,"column":6},"end":{"line":160,"column":18}},"93":{"start":{"line":163,"column":6},"end":{"line":163,"column":18}},"94":{"start":{"line":178,"column":0},"end":{"line":178,"column":32}}},"fnMap":{"0":{"name":"(anonymous_0)","decl":{"start":{"line":9,"column":19},"end":{"line":9,"column":20}},"loc":{"start":{"line":9,"column":30},"end":{"line":9,"column":42}}},"1":{"name":"(anonymous_1)","decl":{"start":{"line":15,"column":25},"end":{"line":15,"column":null}},"loc":{"start":{"line":15,"column":25},"end":{"line":176,"column":1}}},"2":{"name":"(anonymous_2)","decl":{"start":{"line":20,"column":19},"end":{"line":20,"column":20}},"loc":{"start":{"line":20,"column":38},"end":{"line":38,"column":3}}},"3":{"name":"(anonymous_3)","decl":{"start":{"line":22,"column":24},"end":{"line":22,"column":25}},"loc":{"start":{"line":22,"column":29},"end":{"line":22,"column":42}}},"4":{"name":"(anonymous_4)","decl":{"start":{"line":40,"column":18},"end":{"line":40,"column":19}},"loc":{"start":{"line":40,"column":29},"end":{"line":58,"column":3}}},"5":{"name":"(anonymous_5)","decl":{"start":{"line":60,"column":22},"end":{"line":60,"column":null}},"loc":{"start":{"line":60,"column":22},"end":{"line":72,"column":3}}},"6":{"name":"(anonymous_6)","decl":{"start":{"line":74,"column":21},"end":{"line":74,"column":null}},"loc":{"start":{"line":74,"column":21},"end":{"line":86,"column":3}}},"7":{"name":"(anonymous_7)","decl":{"start":{"line":88,"column":17},"end":{"line":88,"column":18}},"loc":{"start":{"line":88,"column":28},"end":{"line":109,"column":3}}},"8":{"name":"(anonymous_8)","decl":{"start":{"line":111,"column":16},"end":{"line":111,"column":null}},"loc":{"start":{"line":111,"column":16},"end":{"line":115,"column":3}}},"9":{"name":"(anonymous_9)","decl":{"start":{"line":117,"column":19},"end":{"line":117,"column":20}},"loc":{"start":{"line":117,"column":30},"end":{"line":130,"column":3}}},"10":{"name":"(anonymous_10)","decl":{"start":{"line":132,"column":18},"end":{"line":132,"column":19}},"loc":{"start":{"line":132,"column":38},"end":{"line":139,"column":3}}},"11":{"name":"(anonymous_11)","decl":{"start":{"line":141,"column":17},"end":{"line":141,"column":null}},"loc":{"start":{"line":141,"column":17},"end":{"line":153,"column":3}}},"12":{"name":"(anonymous_12)","decl":{"start":{"line":156,"column":4},"end":{"line":156,"column":8}},"loc":{"start":{"line":156,"column":12},"end":{"line":158,"column":5}}},"13":{"name":"(anonymous_13)","decl":{"start":{"line":159,"column":4},"end":{"line":159,"column":8}},"loc":{"start":{"line":159,"column":12},"end":{"line":161,"column":5}}},"14":{"name":"(anonymous_14)","decl":{"start":{"line":162,"column":4},"end":{"line":162,"column":8}},"loc":{"start":{"line":162,"column":12},"end":{"line":164,"column":5}}}},"branchMap":{"0":{"loc":{"start":{"line":21,"column":4},"end":{"line":24,"column":null}},"type":"if","locations":[{"start":{"line":21,"column":4},"end":{"line":24,"column":null}},{"start":{"line":21,"column":4},"end":{"line":24,"column":null}}]},"1":{"loc":{"start":{"line":28,"column":4},"end":{"line":35,"column":null}},"type":"if","locations":[{"start":{"line":28,"column":4},"end":{"line":35,"column":null}},{"start":{"line":28,"column":4},"end":{"line":35,"column":null}}]},"2":{"loc":{"start":{"line":41,"column":4},"end":{"line":44,"column":null}},"type":"if","locations":[{"start":{"line":41,"column":4},"end":{"line":44,"column":null}},{"start":{"line":41,"column":4},"end":{"line":44,"column":null}}]},"3":{"loc":{"start":{"line":48,"column":4},"end":{"line":55,"column":null}},"type":"if","locations":[{"start":{"line":48,"column":4},"end":{"line":55,"column":null}},{"start":{"line":48,"column":4},"end":{"line":55,"column":null}}]},"4":{"loc":{"start":{"line":48,"column":8},"end":{"line":48,"column":20}},"type":"binary-expr","locations":[{"start":{"line":48,"column":8},"end":{"line":48,"column":20}},{"start":{"line":48,"column":24},"end":{"line":48,"column":36}}]},"5":{"loc":{"start":{"line":61,"column":4},"end":{"line":61,"column":22}},"type":"if","locations":[{"start":{"line":61,"column":4},"end":{"line":61,"column":22}},{"start":{"line":61,"column":4},"end":{"line":61,"column":22}}]},"6":{"loc":{"start":{"line":63,"column":4},"end":{"line":69,"column":null}},"type":"if","locations":[{"start":{"line":63,"column":4},"end":{"line":69,"column":null}},{"start":{"line":63,"column":4},"end":{"line":69,"column":null}}]},"7":{"loc":{"start":{"line":75,"column":4},"end":{"line":75,"column":22}},"type":"if","locations":[{"start":{"line":75,"column":4},"end":{"line":75,"column":22}},{"start":{"line":75,"column":4},"end":{"line":75,"column":22}}]},"8":{"loc":{"start":{"line":77,"column":4},"end":{"line":83,"column":null}},"type":"if","locations":[{"start":{"line":77,"column":4},"end":{"line":83,"column":null}},{"start":{"line":77,"column":4},"end":{"line":83,"column":null}}]},"9":{"loc":{"start":{"line":92,"column":6},"end":{"line":95,"column":null}},"type":"if","locations":[{"start":{"line":92,"column":6},"end":{"line":95,"column":null}},{"start":{"line":92,"column":6},"end":{"line":95,"column":null}}]},"10":{"loc":{"start":{"line":97,"column":6},"end":{"line":103,"column":null}},"type":"if","locations":[{"start":{"line":97,"column":6},"end":{"line":103,"column":null}},{"start":{"line":97,"column":6},"end":{"line":103,"column":null}}]},"11":{"loc":{"start":{"line":98,"column":11},"end":{"line":103,"column":null}},"type":"if","locations":[{"start":{"line":98,"column":11},"end":{"line":103,"column":null}},{"start":{"line":98,"column":11},"end":{"line":103,"column":null}}]},"12":{"loc":{"start":{"line":121,"column":6},"end":{"line":124,"column":null}},"type":"if","locations":[{"start":{"line":121,"column":6},"end":{"line":124,"column":null}},{"start":{"line":121,"column":6},"end":{"line":124,"column":null}}]}},"s":{"0":1,"1":36,"2":1,"3":9,"4":9,"5":9,"6":9,"7":32,"8":7,"9":23,"10":7,"11":25,"12":25,"13":8,"14":8,"15":17,"16":17,"17":17,"18":25,"19":9,"20":14,"21":3,"22":3,"23":11,"24":11,"25":3,"26":3,"27":8,"28":8,"29":8,"30":11,"31":9,"32":4,"33":1,"34":3,"35":1,"36":1,"37":2,"38":2,"39":3,"40":9,"41":4,"42":1,"43":3,"44":1,"45":1,"46":2,"47":2,"48":3,"49":9,"50":4,"51":4,"52":9,"53":6,"54":6,"55":3,"56":1,"57":2,"58":1,"59":1,"60":1,"61":1,"62":3,"63":1,"64":9,"65":1,"66":1,"67":1,"68":9,"69":5,"70":5,"71":9,"72":8,"73":8,"74":1,"75":4,"76":9,"77":1,"78":1,"79":6,"80":6,"81":9,"82":1,"83":1,"84":1,"85":1,"86":4,"87":4,"88":4,"89":1,"90":9,"91":8,"92":9,"93":7,"94":1},"f":{"0":36,"1":9,"2":32,"3":23,"4":14,"5":4,"6":4,"7":4,"8":1,"9":5,"10":1,"11":1,"12":8,"13":9,"14":7},"b":{"0":[7,25],"1":[8,17],"2":[3,11],"3":[3,8],"4":[11,8],"5":[1,3],"6":[1,2],"7":[1,3],"8":[1,2],"9":[6,3],"10":[1,2],"11":[1,1],"12":[8,1]}}
}
