{"total": {"lines":{"total":89,"covered":89,"skipped":0,"pct":100},"statements":{"total":95,"covered":95,"skipped":0,"pct":100},"functions":{"total":15,"covered":15,"skipped":0,"pct":100},"branches":{"total":26,"covered":26,"skipped":0,"pct":100}}
,"/Users/yarik_leto/Documents/projects/algo-ds/src/linked-list.ts": {"lines":{"total":89,"covered":89,"skipped":0,"pct":100},"functions":{"total":15,"covered":15,"skipped":0,"pct":100},"statements":{"total":95,"covered":95,"skipped":0,"pct":100},"branches":{"total":26,"covered":26,"skipped":0,"pct":100}}
}
