TN:
SF:src/linked-list.ts
FN:9,(anonymous_0)
FN:15,(anonymous_1)
FN:20,(anonymous_2)
FN:22,(anonymous_3)
FN:40,(anonymous_4)
FN:60,(anonymous_5)
FN:74,(anonymous_6)
FN:88,(anonymous_7)
FN:111,(anonymous_8)
FN:117,(anonymous_9)
FN:132,(anonymous_10)
FN:141,(anonymous_11)
FN:156,(anonymous_12)
FN:159,(anonymous_13)
FN:162,(anonymous_14)
FNF:15
FNH:15
FNDA:36,(anonymous_0)
FNDA:9,(anonymous_1)
FNDA:32,(anonymous_2)
FNDA:23,(anonymous_3)
FNDA:14,(anonymous_4)
FNDA:4,(anonymous_5)
FNDA:4,(anonymous_6)
FNDA:4,(anonymous_7)
FNDA:1,(anonymous_8)
FNDA:5,(anonymous_9)
FNDA:1,(anonymous_10)
FNDA:1,(anonymous_11)
FNDA:8,(anonymous_12)
FNDA:9,(anonymous_13)
FNDA:7,(anonymous_14)
DA:9,36
DA:15,1
DA:16,9
DA:17,9
DA:18,9
DA:20,9
DA:21,32
DA:22,23
DA:23,7
DA:26,25
DA:28,25
DA:29,8
DA:30,8
DA:32,17
DA:33,17
DA:34,17
DA:37,25
DA:40,9
DA:41,14
DA:42,3
DA:43,3
DA:46,11
DA:48,11
DA:49,3
DA:50,3
DA:52,8
DA:53,8
DA:54,8
DA:57,11
DA:60,9
DA:61,4
DA:63,3
DA:64,1
DA:65,1
DA:67,2
DA:68,2
DA:71,3
DA:74,9
DA:75,4
DA:77,3
DA:78,1
DA:79,1
DA:81,2
DA:82,2
DA:85,3
DA:88,9
DA:89,4
DA:91,4
DA:92,9
DA:93,6
DA:94,6
DA:97,3
DA:98,2
DA:100,1
DA:101,1
DA:102,1
DA:105,3
DA:108,1
DA:111,9
DA:112,1
DA:113,1
DA:114,1
DA:117,9
DA:118,5
DA:120,5
DA:121,9
DA:122,8
DA:123,8
DA:126,1
DA:129,4
DA:132,9
DA:133,1
DA:135,1
DA:136,6
DA:137,6
DA:141,9
DA:142,1
DA:143,1
DA:144,1
DA:146,1
DA:147,4
DA:148,4
DA:149,4
DA:152,1
DA:155,9
DA:157,8
DA:160,9
DA:163,7
DA:178,1
LF:89
LH:89
BRDA:21,0,0,7
BRDA:21,0,1,25
BRDA:28,1,0,8
BRDA:28,1,1,17
BRDA:41,2,0,3
BRDA:41,2,1,11
BRDA:48,3,0,3
BRDA:48,3,1,8
BRDA:48,4,0,11
BRDA:48,4,1,8
BRDA:61,5,0,1
BRDA:61,5,1,3
BRDA:63,6,0,1
BRDA:63,6,1,2
BRDA:75,7,0,1
BRDA:75,7,1,3
BRDA:77,8,0,1
BRDA:77,8,1,2
BRDA:92,9,0,6
BRDA:92,9,1,3
BRDA:97,10,0,1
BRDA:97,10,1,2
BRDA:98,11,0,1
BRDA:98,11,1,1
BRDA:121,12,0,8
BRDA:121,12,1,1
BRF:26
BRH:26
end_of_record
