TN:
SF:src/doubly-linked-list.ts
FN:29,(anonymous_0)
FN:35,(anonymous_1)
FN:40,(anonymous_2)
FN:55,(anonymous_3)
FN:70,(anonymous_4)
FN:84,(anonymous_5)
FN:98,(anonymous_6)
FN:121,(anonymous_7)
FN:127,(anonymous_8)
FN:141,(anonymous_9)
FN:145,(anonymous_10)
FN:156,(anonymous_11)
FN:170,(anonymous_12)
FN:174,(anonymous_13)
FN:197,(anonymous_14)
FN:221,(anonymous_15)
FN:224,(anonymous_16)
FN:227,(anonymous_17)
FNF:18
FNH:18
FNDA:42,(anonymous_0)
FNDA:16,(anonymous_1)
FNDA:18,(anonymous_2)
FNDA:22,(anonymous_3)
FNDA:5,(anonymous_4)
FNDA:4,(anonymous_5)
FNDA:5,(anonymous_6)
FNDA:1,(anonymous_7)
FNDA:13,(anonymous_8)
FNDA:5,(anonymous_9)
FNDA:1,(anonymous_10)
FNDA:1,(anonymous_11)
FNDA:2,(anonymous_12)
FNDA:3,(anonymous_13)
FNDA:3,(anonymous_14)
FNDA:21,(anonymous_15)
FNDA:20,(anonymous_16)
FNDA:13,(anonymous_17)
DA:29,42
DA:35,1
DA:36,16
DA:37,16
DA:38,16
DA:40,16
DA:41,18
DA:43,18
DA:44,9
DA:45,9
DA:47,9
DA:48,9
DA:49,9
DA:52,18
DA:55,16
DA:56,22
DA:58,22
DA:59,7
DA:60,7
DA:62,15
DA:63,15
DA:64,15
DA:67,22
DA:70,16
DA:71,5
DA:73,4
DA:74,2
DA:75,2
DA:77,2
DA:78,2
DA:81,4
DA:84,16
DA:85,4
DA:87,3
DA:88,1
DA:89,1
DA:91,2
DA:92,2
DA:95,3
DA:98,16
DA:99,5
DA:101,5
DA:102,9
DA:103,5
DA:104,5
DA:107,4
DA:108,2
DA:110,1
DA:111,1
DA:112,1
DA:115,4
DA:118,1
DA:121,16
DA:122,1
DA:123,1
DA:124,1
DA:127,16
DA:128,13
DA:130,13
DA:131,17
DA:132,6
DA:135,11
DA:138,7
DA:141,16
DA:142,5
DA:145,16
DA:146,1
DA:147,1
DA:149,1
DA:150,6
DA:151,6
DA:152,6
DA:156,16
DA:157,1
DA:158,1
DA:159,1
DA:161,1
DA:162,3
DA:163,3
DA:164,3
DA:167,1
DA:170,16
DA:171,2
DA:174,16
DA:175,3
DA:177,3
DA:178,1
DA:181,2
DA:182,1
DA:183,1
DA:186,1
DA:188,1
DA:189,1
DA:190,1
DA:191,1
DA:192,1
DA:194,1
DA:197,16
DA:198,3
DA:200,3
DA:201,1
DA:204,2
DA:205,1
DA:206,1
DA:209,1
DA:211,1
DA:212,1
DA:213,1
DA:214,1
DA:215,1
DA:217,1
DA:220,16
DA:222,21
DA:225,20
DA:228,13
DA:247,1
LF:116
LH:116
BRDA:43,0,0,9
BRDA:43,0,1,9
BRDA:58,1,0,7
BRDA:58,1,1,15
BRDA:58,2,0,22
BRDA:58,2,1,15
BRDA:71,3,0,1
BRDA:71,3,1,4
BRDA:73,4,0,2
BRDA:73,4,1,2
BRDA:85,5,0,1
BRDA:85,5,1,3
BRDA:87,6,0,1
BRDA:87,6,1,2
BRDA:102,7,0,5
BRDA:102,7,1,4
BRDA:107,8,0,2
BRDA:107,8,1,2
BRDA:108,9,0,1
BRDA:108,9,1,1
BRDA:131,10,0,6
BRDA:131,10,1,11
BRDA:177,11,0,1
BRDA:177,11,1,2
BRDA:181,12,0,1
BRDA:181,12,1,1
BRDA:200,13,0,1
BRDA:200,13,1,2
BRDA:204,14,0,1
BRDA:204,14,1,1
BRF:30
BRH:30
end_of_record
